<?xml version="1.0" encoding="UTF-8"?>
<!-- Generated by org.testng.reporters.JUnitReportReporter -->
<testsuite hostname="DINESH-UL34" failures="0" tests="1" name="org.selenium.pom.tests.SearchTest" time="9.475" errors="0" timestamp="2023-07-31T16:10:49 IST" skipped="0">
  <testcase classname="org.selenium.pom.tests.SearchTest" name="searchWithPartialMatch" time="9.475"/>
  <system-out/>
</testsuite> <!-- org.selenium.pom.tests.SearchTest -->
