<?xml version="1.0" encoding="UTF-8"?>
<!-- Generated by org.testng.reporters.JUnitReportReporter -->
<testsuite hostname="DINESH-UL34" failures="0" tests="1" name="org.selenium.pom.tests.NavigationTest" time="9.625" errors="0" timestamp="2023-07-31T13:27:31 IST" skipped="0">
  <testcase classname="org.selenium.pom.tests.NavigationTest" name="NavigateFromHometoStoreUsingMainMenu" time="9.625"/>
  <system-out/>
</testsuite> <!-- org.selenium.pom.tests.NavigationTest -->
