<?xml version="1.0" encoding="UTF-8"?>
<!-- Generated by org.testng.reporters.JUnitReportReporter -->
<testsuite hostname="DINESH-UL34" failures="0" tests="1" name="org.selenium.pom.tests.MyFirstTestCase" time="51.805" errors="0" timestamp="2023-07-31T13:05:04 IST" skipped="0">
  <testcase classname="org.selenium.pom.tests.MyFirstTestCase" name="dummyTestCases" time="51.805"/>
  <system-out/>
</testsuite> <!-- org.selenium.pom.tests.MyFirstTestCase -->
